ERROR:root:FIXME: Unimplemented - put('list', 'A sequence of things -created using []')
ERROR:root:FIXME: Unimplemented - get('list')
INFO:root:Constructing parser
INFO:root:Constructing parser
INFO:root:Constructing parser
INFO:root:Constructing parser
INFO:root:Constructing parser
INFO:root:Constructing parser
INFO:root:Constructing parser
INFO:root:Constructing parser
DEBUG:root:Constructing put subparser
INFO:root:Constructing parser
DEBUG:root:Constructing put subparser
INFO:root:Constructing parser
DEBUG:root:Constructing put subparser
INFO:root:Constructing parser
DEBUG:root:Constructing put subparser
INFO:root:Constructing parser
DEBUG:root:Constructing put subparser
INFO:root:Constructing parser
DEBUG:root:Constructing put subparser
INFO:root:Constructing parser
DEBUG:root:Constructing put subparser
INFO:root:Constructing parser
DEBUG:root:Constructing put subparser
INFO:root:Constructing parser
DEBUG:root:Constructing put subparser
DEBUG:root:Constructing get subparser
INFO:root:Constructing parser
DEBUG:root:Constructing put subparser
INFO:root:Constructing parser
DEBUG:root:Constructing put subparser
INFO:root:Constructing parser
DEBUG:root:Constructing get subparser
INFO:root:Constructing parser
DEBUG:root:Constructing get subparser
INFO:root:Constructing parser
DEBUG:root:Constructing get subparser
INFO:root:Constructing parser
DEBUG:root:Constructing get subparser
INFO:root:Constructing parser
DEBUG:root:Constructing put subparser
DEBUG:root:Constructing get subparser
INFO:root:Constructing parser
DEBUG:root:Constructing put subparser
DEBUG:root:Constructing get subparser
INFO:root:Constructing parser
DEBUG:root:Constructing put subparser
DEBUG:root:Constructing get subparser
INFO:root:Constructing parser
DEBUG:root:Constructing put subparser
INFO:root:Constructing parser
DEBUG:root:Constructing put subparser
INFO:root:Constructing parser
DEBUG:root:Constructing put subparser
INFO:root:Constructing parser
DEBUG:root:Constructing put subparser
DEBUG:root:Constructing get subparser
INFO:root:Constructing parser
DEBUG:root:Constructing put subparser
DEBUG:root:Constructing get subparser
INFO:root:Constructing parser
DEBUG:root:Constructing put subparser
DEBUG:root:Constructing get subparser
INFO:root:Constructing parser
DEBUG:root:Constructing put subparser
DEBUG:root:Constructing get subparser
ERROR:root:FIXME: Unimplemented - put('list', 'check')
INFO:root:Constructing parser
DEBUG:root:Constructing put subparser
DEBUG:root:Constructing get subparser
INFO:root:Constructing parser
DEBUG:root:Constructing put subparser
DEBUG:root:Constructing get subparser
INFO:root:Constructing parser
DEBUG:root:Constructing put subparser
DEBUG:root:Constructing get subparser
ERROR:root:FIXME: Unimplemented - put('name,', 'snippet')
INFO:root:Constructing parser
DEBUG:root:Constructing put subparser
DEBUG:root:Constructing get subparser
ERROR:root:FIXME: Unimplemented - put('Nic,', 'LoGalbo')
INFO:root:Constructing parser
DEBUG:root:Constructing put subparser
DEBUG:root:Constructing get subparser
ERROR:root:FIXME: Unimplemented - put('bird,', 'eagle')
INFO:root:Constructing parser
DEBUG:root:Constructing put subparser
DEBUG:root:Constructing get subparser
INFO:root:Constructing parser
DEBUG:root:Constructing put subparser
DEBUG:root:Constructing get subparser
INFO:root:Constructing parser
DEBUG:root:Constructing put subparser
DEBUG:root:Constructing get subparser
INFO:root:Constructing parser
DEBUG:root:Constructing put subparser
DEBUG:root:Constructing get subparser
INFO:root:Constructing parser
DEBUG:root:Constructing put subparser
DEBUG:root:Constructing get subparser
INFO:root:Constructing parser
DEBUG:root:Constructing put subparser
DEBUG:root:Constructing get subparser
INFO:root:Constructing parser
DEBUG:root:Constructing put subparser
DEBUG:root:Constructing get subparser
ERROR:root:FIXME: Unimplemented - get('eagle')
INFO:root:Constructing parser
DEBUG:root:Constructing put subparser
DEBUG:root:Constructing get subparser
ERROR:root:FIXME: Unimplemented - get('eagle')
INFO:root:Constructing parser
DEBUG:root:Constructing put subparser
DEBUG:root:Constructing get subparser
ERROR:root:FIXME: Unimplemented - get('list')
INFO:root:Constructing parser
DEBUG:root:Constructing put subparser
DEBUG:root:Constructing get subparser
ERROR:root:FIXME: Unimplemented - get('bird')
INFO:root:Constructing parser
DEBUG:root:Constructing put subparser
DEBUG:root:Constructing get subparser
INFO:root:Constructing parser
DEBUG:root:Constructing put subparser
DEBUG:root:Constructing get subparser
ERROR:root:FIXME: Unimplemented - put('list', 'check [1,2,3]')
INFO:root:Constructing parser
DEBUG:root:Constructing put subparser
DEBUG:root:Constructing get subparser
ERROR:root:FIXME: Unimplemented - get('list')
INFO:root:Constructing parser
DEBUG:root:Constructing put subparser
DEBUG:root:Constructing get subparser
INFO:root:Constructing parser
DEBUG:root:Constructing put subparser
DEBUG:root:Constructing get subparser
ERROR:root:FIXME: Unimplemented - get('test')
INFO:root:Constructing parser
DEBUG:root:Constructing put subparser
DEBUG:root:Constructing get subparser
ERROR:root:FIXME: Unimplemented - get('list')
INFO:root:Constructing parser
DEBUG:root:Constructing put subparser
DEBUG:root:Constructing get subparser
INFO:root:Constructing parser
DEBUG:root:Constructing put subparser
DEBUG:root:Constructing get subparser
INFO:root:Constructing parser
DEBUG:root:Constructing put subparser
DEBUG:root:Constructing get subparser
ERROR:root:FIXME: Unimplemented - put('Birt', 'Eagle')
INFO:root:Constructing parser
DEBUG:root:Constructing put subparser
DEBUG:root:Constructing get subparser
ERROR:root:FIXME: Unimplemented - get('Birt')
INFO:root:Constructing parser
DEBUG:root:Constructing put subparser
DEBUG:root:Constructing get subparser
ERROR:root:FIXME: Unimplemented - get('Eagle')
INFO:root:Constructing parser
DEBUG:root:Constructing put subparser
DEBUG:root:Constructing get subparser
ERROR:root:FIXME: Unimplemented - put('Bird', 'Dove')
INFO:root:Constructing parser
DEBUG:root:Constructing put subparser
DEBUG:root:Constructing get subparser
ERROR:root:FIXME: Unimplemented - get('Bird')
INFO:root:Constructing parser
DEBUG:root:Constructing put subparser
DEBUG:root:Constructing get subparser
DEBUG:root:Connecting to PosgreSQL
DEBUG:root:Database connection established
INFO:root:Constructing parser
DEBUG:root:Constructing put subparser
DEBUG:root:Constructing get subparser
ERROR:root:FIXME: Unimplemented - put('Test', 'This is a test snippet')
DEBUG:root:Connecting to PosgreSQL
DEBUG:root:Database connection established
INFO:root:Constructing parser
DEBUG:root:Constructing put subparser
DEBUG:root:Constructing get subparser
ERROR:root:FIXME: Unimplemented - put('Test', 'This is a test snippet')
DEBUG:root:Snippet stored successfully.
DEBUG:root:Connecting to PosgreSQL
DEBUG:root:Database connection established
INFO:root:Constructing parser
DEBUG:root:Constructing put subparser
DEBUG:root:Constructing get subparser
DEBUG:root:Connecting to PosgreSQL
DEBUG:root:Database connection established
INFO:root:Constructing parser
DEBUG:root:Constructing put subparser
DEBUG:root:Constructing get subparser
ERROR:root:FIXME: Unimplemented - get('Test')
DEBUG:root:Connecting to PosgreSQL
DEBUG:root:Database connection established
INFO:root:Constructing parser
DEBUG:root:Constructing put subparser
DEBUG:root:Constructing get subparser
ERROR:root:FIXME: Unimplemented - get('Test')
DEBUG:root:Connecting to PosgreSQL
DEBUG:root:Database connection established
INFO:root:Constructing parser
DEBUG:root:Constructing put subparser
DEBUG:root:Constructing get subparser
ERROR:root:FIXME: Unimplemented - put('Dog', 'Lab')
DEBUG:root:Snippet stored successfully.
DEBUG:root:Connecting to PosgreSQL
DEBUG:root:Database connection established
INFO:root:Constructing parser
DEBUG:root:Constructing put subparser
DEBUG:root:Constructing get subparser
ERROR:root:FIXME: Unimplemented - get('insert')
DEBUG:root:Connecting to PosgreSQL
DEBUG:root:Database connection established
INFO:root:Constructing parser
DEBUG:root:Constructing put subparser
DEBUG:root:Constructing get subparser
DEBUG:root:Connecting to PosgreSQL
DEBUG:root:Connecting to PosgreSQL
DEBUG:root:Database connection established
INFO:root:Constructing parser
DEBUG:root:Constructing put subparser
DEBUG:root:Constructing get subparser
ERROR:root:FIXME: Unimplemented - get('Dog')
DEBUG:root:Connecting to PosgreSQL
DEBUG:root:Database connection established
INFO:root:Constructing parser
DEBUG:root:Constructing put subparser
DEBUG:root:Constructing get subparser
ERROR:root:FIXME: Unimplemented - get('Dog')
DEBUG:root:Connecting to PosgreSQL
DEBUG:root:Database connection established
INFO:root:Constructing parser
DEBUG:root:Constructing put subparser
DEBUG:root:Constructing get subparser
ERROR:root:FIXME: Unimplemented - get('Dog')
DEBUG:root:Connecting to PosgreSQL
DEBUG:root:Database connection established
INFO:root:Constructing parser
DEBUG:root:Constructing put subparser
DEBUG:root:Constructing get subparser
ERROR:root:FIXME: Unimplemented - get('Lab')
DEBUG:root:Connecting to PosgreSQL
DEBUG:root:Database connection established
INFO:root:Constructing parser
DEBUG:root:Constructing put subparser
DEBUG:root:Constructing get subparser
ERROR:root:FIXME: Unimplemented - get('insert')
DEBUG:root:Connecting to PosgreSQL
DEBUG:root:Database connection established
INFO:root:Constructing parser
DEBUG:root:Constructing put subparser
DEBUG:root:Constructing get subparser
ERROR:root:FIXME: Unimplemented - put('hi', 'there')
DEBUG:root:Snippet stored successfully.
DEBUG:root:Connecting to PosgreSQL
DEBUG:root:Database connection established
INFO:root:Constructing parser
DEBUG:root:Constructing put subparser
DEBUG:root:Constructing get subparser
ERROR:root:FIXME: Unimplemented - get('Test')
DEBUG:root:Connecting to PosgreSQL
DEBUG:root:Database connection established
INFO:root:Constructing parser
DEBUG:root:Constructing put subparser
DEBUG:root:Constructing get subparser
ERROR:root:FIXME: Unimplemented - get('Test')
DEBUG:root:Connecting to PosgreSQL
DEBUG:root:Database connection established
INFO:root:Constructing parser
DEBUG:root:Constructing put subparser
DEBUG:root:Constructing get subparser
ERROR:root:FIXME: Unimplemented - put('Column', 'Here is a column')
DEBUG:root:Snippet stored successfully.
DEBUG:root:Connecting to PosgreSQL
DEBUG:root:Database connection established
INFO:root:Constructing parser
DEBUG:root:Constructing put subparser
DEBUG:root:Constructing get subparser
ERROR:root:FIXME: Unimplemented - get('hi')
DEBUG:root:Connecting to PosgreSQL
DEBUG:root:Database connection established
INFO:root:Constructing parser
DEBUG:root:Constructing put subparser
DEBUG:root:Constructing get subparser
ERROR:root:FIXME: Unimplemented - get('hi')
DEBUG:root:Connecting to PosgreSQL
DEBUG:root:Database connection established
INFO:root:Constructing parser
DEBUG:root:Constructing put subparser
DEBUG:root:Constructing get subparser
ERROR:root:FIXME: Unimplemented - get('hi')
DEBUG:root:Connecting to PosgreSQL
DEBUG:root:Database connection established
INFO:root:Constructing parser
DEBUG:root:Constructing put subparser
DEBUG:root:Constructing get subparser
ERROR:root:FIXME: Unimplemented - get('hi')
DEBUG:root:Connecting to PosgreSQL
DEBUG:root:Database connection established
INFO:root:Constructing parser
DEBUG:root:Constructing put subparser
DEBUG:root:Constructing get subparser
ERROR:root:FIXME: Unimplemented - get('hi')
DEBUG:root:Connecting to PosgreSQL
DEBUG:root:Database connection established
INFO:root:Constructing parser
DEBUG:root:Constructing put subparser
DEBUG:root:Constructing get subparser
ERROR:root:FIXME: Unimplemented - get('hi')
DEBUG:root:Connecting to PosgreSQL
DEBUG:root:Database connection established
INFO:root:Constructing parser
DEBUG:root:Constructing put subparser
DEBUG:root:Constructing get subparser
ERROR:root:FIXME: Unimplemented - get('hi')
DEBUG:root:Connecting to PosgreSQL
DEBUG:root:Database connection established
INFO:root:Constructing parser
DEBUG:root:Constructing put subparser
DEBUG:root:Constructing get subparser
ERROR:root:FIXME: Unimplemented - get('kdsfjl')
DEBUG:root:Connecting to PosgreSQL
DEBUG:root:Database connection established
INFO:root:Constructing parser
DEBUG:root:Constructing put subparser
DEBUG:root:Constructing get subparser
ERROR:root:FIXME: Unimplemented - get('hi')
DEBUG:root:Connecting to PosgreSQL
DEBUG:root:Database connection established
INFO:root:Constructing parser
DEBUG:root:Constructing put subparser
DEBUG:root:Constructing get subparser
ERROR:root:FIXME: Unimplemented - get('Test')
DEBUG:root:Connecting to PosgreSQL
DEBUG:root:Database connection established
INFO:root:Constructing parser
DEBUG:root:Constructing put subparser
DEBUG:root:Constructing get subparser
ERROR:root:FIXME: Unimplemented - put('there', 'you go')
DEBUG:root:Snippet stored successfully.
DEBUG:root:Connecting to PosgreSQL
DEBUG:root:Database connection established
INFO:root:Constructing parser
DEBUG:root:Constructing put subparser
DEBUG:root:Constructing get subparser
ERROR:root:FIXME: Unimplemented - get('hi')
DEBUG:root:Connecting to PosgreSQL
DEBUG:root:Database connection established
INFO:root:Constructing parser
DEBUG:root:Constructing put subparser
DEBUG:root:Constructing get subparser
ERROR:root:FIXME: Unimplemented - get('Test')
DEBUG:root:Connecting to PosgreSQL
DEBUG:root:Database connection established
INFO:root:Constructing parser
DEBUG:root:Constructing put subparser
DEBUG:root:Constructing get subparser
ERROR:root:FIXME: Unimplemented - get('Test')
DEBUG:root:Connecting to PosgreSQL
DEBUG:root:Database connection established
INFO:root:Constructing parser
DEBUG:root:Constructing put subparser
DEBUG:root:Constructing get subparser
ERROR:root:FIXME: Unimplemented - get('Nic')
DEBUG:root:Connecting to PosgreSQL
DEBUG:root:Database connection established
INFO:root:Constructing parser
DEBUG:root:Constructing put subparser
DEBUG:root:Constructing get subparser
ERROR:root:FIXME: Unimplemented - get('Nic')
DEBUG:root:Connecting to PosgreSQL
DEBUG:root:Database connection established
INFO:root:Constructing parser
DEBUG:root:Constructing put subparser
DEBUG:root:Constructing get subparser
ERROR:root:FIXME: Unimplemented - get('test')
DEBUG:root:Connecting to PosgreSQL
DEBUG:root:Database connection established
INFO:root:Constructing parser
DEBUG:root:Constructing put subparser
DEBUG:root:Constructing get subparser
ERROR:root:FIXME: Unimplemented - get('test')
DEBUG:root:Connecting to PosgreSQL
DEBUG:root:Database connection established
INFO:root:Constructing parser
DEBUG:root:Constructing put subparser
DEBUG:root:Constructing get subparser
DEBUG:root:Connecting to PosgreSQL
DEBUG:root:Database connection established
INFO:root:Constructing parser
DEBUG:root:Constructing put subparser
DEBUG:root:Constructing get subparser
ERROR:root:FIXME: Unimplemented - get('test')
DEBUG:root:Connecting to PosgreSQL
DEBUG:root:Database connection established
INFO:root:Constructing parser
DEBUG:root:Constructing put subparser
DEBUG:root:Constructing get subparser
ERROR:root:FIXME: Unimplemented - get('Dog')
DEBUG:root:Snippet effectively retrieved
DEBUG:root:Connecting to PosgreSQL
DEBUG:root:Database connection established
INFO:root:Constructing parser
DEBUG:root:Constructing put subparser
DEBUG:root:Constructing get subparser
ERROR:root:FIXME: Unimplemented - get('Dog')
DEBUG:root:Snippet effectively retrieved
DEBUG:root:Connecting to PosgreSQL
DEBUG:root:Database connection established
INFO:root:Constructing parser
DEBUG:root:Constructing put subparser
DEBUG:root:Constructing get subparser
ERROR:root:FIXME: Unimplemented - get('Dog')
DEBUG:root:Snippet effectively retrieved
DEBUG:root:Connecting to PosgreSQL
DEBUG:root:Database connection established
INFO:root:Constructing parser
DEBUG:root:Constructing put subparser
DEBUG:root:Constructing get subparser
DEBUG:root:Connecting to PosgreSQL
DEBUG:root:Database connection established
INFO:root:Constructing parser
DEBUG:root:Constructing put subparser
DEBUG:root:Constructing get subparser
ERROR:root:FIXME: Unimplemented - get('Test')
DEBUG:root:Snippet effectively retrieved
DEBUG:root:Connecting to PosgreSQL
DEBUG:root:Database connection established
INFO:root:Constructing parser
DEBUG:root:Constructing put subparser
DEBUG:root:Constructing get subparser
ERROR:root:FIXME: Unimplemented - get('Test')
DEBUG:root:Connecting to PosgreSQL
DEBUG:root:Database connection established
INFO:root:Constructing parser
DEBUG:root:Constructing put subparser
DEBUG:root:Constructing get subparser
ERROR:root:FIXME: Unimplemented - get('Test')
DEBUG:root:Connecting to PosgreSQL
DEBUG:root:Database connection established
INFO:root:Constructing parser
DEBUG:root:Constructing put subparser
DEBUG:root:Constructing get subparser
ERROR:root:FIXME: Unimplemented - get('Test')
DEBUG:root:Connecting to PosgreSQL
DEBUG:root:Database connection established
INFO:root:Constructing parser
DEBUG:root:Constructing put subparser
DEBUG:root:Constructing get subparser
ERROR:root:FIXME: Unimplemented - get('Test')
DEBUG:root:Snippet effectively retrieved
DEBUG:root:Connecting to PosgreSQL
DEBUG:root:Database connection established
INFO:root:Constructing parser
DEBUG:root:Constructing put subparser
DEBUG:root:Constructing get subparser
ERROR:root:FIXME: Unimplemented - put('Land', "o'lakes")
DEBUG:root:Snippet stored successfully.
DEBUG:root:Connecting to PosgreSQL
DEBUG:root:Database connection established
INFO:root:Constructing parser
DEBUG:root:Constructing put subparser
DEBUG:root:Constructing get subparser
ERROR:root:FIXME: Unimplemented - get('Land')
DEBUG:root:Snippet effectively retrieved
DEBUG:root:Connecting to PosgreSQL
DEBUG:root:Database connection established
INFO:root:Constructing parser
DEBUG:root:Constructing put subparser
DEBUG:root:Constructing get subparser
ERROR:root:FIXME: Unimplemented - get('Land')
DEBUG:root:Connecting to PosgreSQL
DEBUG:root:Database connection established
INFO:root:Constructing parser
DEBUG:root:Constructing put subparser
DEBUG:root:Constructing get subparser
ERROR:root:FIXME: Unimplemented - get('Land')
DEBUG:root:Connecting to PosgreSQL
DEBUG:root:Database connection established
INFO:root:Constructing parser
DEBUG:root:Constructing put subparser
DEBUG:root:Constructing get subparser
ERROR:root:FIXME: Unimplemented - get('test')
DEBUG:root:Snippet effectively retrieved
DEBUG:root:Connecting to PosgreSQL
DEBUG:root:Database connection established
INFO:root:Constructing parser
DEBUG:root:Constructing put subparser
DEBUG:root:Constructing get subparser
ERROR:root:FIXME: Unimplemented - get('Dog')
DEBUG:root:Snippet effectively retrieved
DEBUG:root:Connecting to PosgreSQL
DEBUG:root:Database connection established
INFO:root:Constructing parser
DEBUG:root:Constructing put subparser
DEBUG:root:Constructing get subparser
ERROR:root:FIXME: Unimplemented - get('Dog')
DEBUG:root:Connecting to PosgreSQL
DEBUG:root:Database connection established
INFO:root:Constructing parser
DEBUG:root:Constructing put subparser
DEBUG:root:Constructing get subparser
ERROR:root:FIXME: Unimplemented - get('Dog')
DEBUG:root:Snippet effectively retrieved
DEBUG:root:Connecting to PosgreSQL
DEBUG:root:Database connection established
INFO:root:Constructing parser
DEBUG:root:Constructing put subparser
DEBUG:root:Constructing get subparser
ERROR:root:FIXME: Unimplemented - get('test')
DEBUG:root:Snippet effectively retrieved
DEBUG:root:Connecting to PosgreSQL
DEBUG:root:Database connection established
INFO:root:Constructing parser
DEBUG:root:Constructing put subparser
DEBUG:root:Constructing get subparser
ERROR:root:FIXME: Unimplemented - get('test')
DEBUG:root:Connecting to PosgreSQL
DEBUG:root:Database connection established
INFO:root:Constructing parser
DEBUG:root:Constructing put subparser
DEBUG:root:Constructing get subparser
ERROR:root:FIXME: Unimplemented - get('test')
DEBUG:root:Connecting to PosgreSQL
DEBUG:root:Database connection established
INFO:root:Constructing parser
DEBUG:root:Constructing put subparser
DEBUG:root:Constructing get subparser
ERROR:root:FIXME: Unimplemented - get('Dog')
DEBUG:root:Connecting to PosgreSQL
DEBUG:root:Database connection established
INFO:root:Constructing parser
DEBUG:root:Constructing put subparser
DEBUG:root:Constructing get subparser
ERROR:root:FIXME: Unimplemented - get('Dog')
DEBUG:root:Connecting to PosgreSQL
DEBUG:root:Database connection established
INFO:root:Constructing parser
DEBUG:root:Constructing put subparser
DEBUG:root:Constructing get subparser
ERROR:root:FIXME: Unimplemented - get('Dog')
DEBUG:root:Snippet effectively retrieved
DEBUG:root:Connecting to PosgreSQL
DEBUG:root:Database connection established
INFO:root:Constructing parser
DEBUG:root:Constructing put subparser
DEBUG:root:Constructing get subparser
ERROR:root:FIXME: Unimplemented - get('dfkjdl')
DEBUG:root:Snippet effectively retrieved
DEBUG:root:Connecting to PosgreSQL
DEBUG:root:Database connection established
INFO:root:Constructing parser
DEBUG:root:Constructing put subparser
DEBUG:root:Constructing get subparser
ERROR:root:FIXME: Unimplemented - get('Dog')
DEBUG:root:Snippet effectively retrieved
DEBUG:root:Connecting to PosgreSQL
DEBUG:root:Database connection established
INFO:root:Constructing parser
DEBUG:root:Constructing put subparser
DEBUG:root:Constructing get subparser
ERROR:root:FIXME: Unimplemented - get('test')
DEBUG:root:Connecting to PosgreSQL
DEBUG:root:Database connection established
INFO:root:Constructing parser
DEBUG:root:Constructing put subparser
DEBUG:root:Constructing get subparser
ERROR:root:FIXME: Unimplemented - get('test')
DEBUG:root:Connecting to PosgreSQL
DEBUG:root:Database connection established
INFO:root:Constructing parser
DEBUG:root:Constructing put subparser
DEBUG:root:Constructing get subparser
ERROR:root:FIXME: Unimplemented - get('test')
DEBUG:root:Snippet effectively retrieved
DEBUG:root:Connecting to PosgreSQL
DEBUG:root:Database connection established
INFO:root:Constructing parser
DEBUG:root:Constructing put subparser
DEBUG:root:Constructing get subparser
ERROR:root:FIXME: Unimplemented - get('dog')
DEBUG:root:Snippet effectively retrieved
DEBUG:root:Connecting to PosgreSQL
DEBUG:root:Database connection established
INFO:root:Constructing parser
DEBUG:root:Constructing put subparser
DEBUG:root:Constructing get subparser
ERROR:root:FIXME: Unimplemented - get('Dog')
DEBUG:root:Connecting to PosgreSQL
DEBUG:root:Database connection established
INFO:root:Constructing parser
DEBUG:root:Constructing put subparser
DEBUG:root:Constructing get subparser
ERROR:root:FIXME: Unimplemented - get('Dog')
DEBUG:root:Connecting to PosgreSQL
DEBUG:root:Database connection established
INFO:root:Constructing parser
DEBUG:root:Constructing put subparser
DEBUG:root:Constructing get subparser
ERROR:root:FIXME: Unimplemented - get('Dog')
DEBUG:root:Snippet effectively retrieved
DEBUG:root:Connecting to PosgreSQL
DEBUG:root:Database connection established
INFO:root:Constructing parser
DEBUG:root:Constructing put subparser
DEBUG:root:Constructing get subparser
ERROR:root:FIXME: Unimplemented - get('test')
DEBUG:root:Snippet effectively retrieved
DEBUG:root:Connecting to PosgreSQL
DEBUG:root:Database connection established
INFO:root:Constructing parser
DEBUG:root:Constructing put subparser
DEBUG:root:Constructing get subparser
ERROR:root:FIXME: Unimplemented - get('test')
DEBUG:root:Connecting to PosgreSQL
DEBUG:root:Database connection established
INFO:root:Constructing parser
DEBUG:root:Constructing put subparser
DEBUG:root:Constructing get subparser
ERROR:root:FIXME: Unimplemented - get('test')
DEBUG:root:Connecting to PosgreSQL
DEBUG:root:Database connection established
INFO:root:Constructing parser
DEBUG:root:Constructing put subparser
DEBUG:root:Constructing get subparser
ERROR:root:FIXME: Unimplemented - get('test')
DEBUG:root:Connecting to PosgreSQL
DEBUG:root:Database connection established
INFO:root:Constructing parser
DEBUG:root:Constructing put subparser
DEBUG:root:Constructing get subparser
ERROR:root:FIXME: Unimplemented - get('test')
DEBUG:root:Connecting to PosgreSQL
DEBUG:root:Database connection established
INFO:root:Constructing parser
DEBUG:root:Constructing put subparser
DEBUG:root:Constructing get subparser
ERROR:root:FIXME: Unimplemented - get('test')
DEBUG:root:Snippet effectively retrieved
DEBUG:root:Connecting to PosgreSQL
DEBUG:root:Database connection established
INFO:root:Constructing parser
DEBUG:root:Constructing put subparser
DEBUG:root:Constructing get subparser
ERROR:root:FIXME: Unimplemented - get('Dog')
DEBUG:root:Snippet effectively retrieved
DEBUG:root:Connecting to PosgreSQL
DEBUG:root:Database connection established
INFO:root:Constructing parser
DEBUG:root:Constructing put subparser
DEBUG:root:Constructing get subparser
ERROR:root:FIXME: Unimplemented - get('Land')
DEBUG:root:Snippet effectively retrieved
